"../../../Engine/Content/EditorResources/S_Actor.ubulk" 0
"../../../Engine/Content/EditorResources/S_Actor.uasset" 1
"../../../Engine/Content/EditorResources/S_Actor.uexp" 2
"../../../Engine/Content/EditorResources/S_BoxReflectionCapture.uasset" 3
"../../../Engine/Content/EditorResources/S_BoxReflectionCapture.uexp" 4
"../../../Engine/Content/EngineResources/DefaultTexture.ubulk" 5
"../../../Engine/Content/EngineResources/DefaultTexture.uasset" 6
"../../../Engine/Content/EngineResources/DefaultTexture.uexp" 7
"../../../Engine/Content/EngineResources/DefaultTextureCube.uasset" 8
"../../../Engine/Content/EngineResources/DefaultTextureCube.uexp" 9
"../../../Engine/Content/EngineResources/DefaultVolumeTexture2D.uasset" 10
"../../../Engine/Content/EngineResources/DefaultVolumeTexture2D.uexp" 11
"../../../Engine/Content/EngineResources/DefaultVolumeTexture.uasset" 12
"../../../Engine/Content/EngineResources/DefaultVolumeTexture.uexp" 13
"../../../Engine/Content/EditorResources/S_Trigger.ubulk" 14
"../../../Engine/Content/EditorResources/S_Trigger.uasset" 15
"../../../Engine/Content/EditorResources/S_Trigger.uexp" 16
"../../../Engine/Content/EditorResources/S_TriggerBox.uasset" 17
"../../../Engine/Content/EditorResources/S_TriggerBox.uexp" 18
"../../../Engine/Content/EditorResources/S_TriggerCapsule.uasset" 19
"../../../Engine/Content/EditorResources/S_TriggerCapsule.uexp" 20
"../../../Engine/Content/EditorResources/S_TriggerSphere.uasset" 21
"../../../Engine/Content/EditorResources/S_TriggerSphere.uexp" 22
"../../../Engine/Content/EngineMeshes/Sphere.uasset" 23
"../../../Engine/Content/EngineMeshes/Sphere.uexp" 24
"../../../Engine/Content/EngineResources/GradientTexture0.uasset" 25
"../../../Engine/Content/EngineResources/GradientTexture0.uexp" 26
"../../../Engine/Content/EngineResources/Black.uasset" 27
"../../../Engine/Content/EngineResources/Black.uexp" 28
"../../../Engine/Content/VREditor/LaserPointer/VR_LaserPower_01.ubulk" 29
"../../../Engine/Content/VREditor/LaserPointer/VR_LaserPower_01.uasset" 30
"../../../Engine/Content/VREditor/LaserPointer/VR_LaserPower_01.uexp" 31
"../../../Engine/Content/VREditor/TransformGizmo/TransformGizmoMaterial.uasset" 32
"../../../Engine/Content/VREditor/TransformGizmo/TransformGizmoMaterial.uexp" 33
"../../../Engine/Content/VREditor/TransformGizmo/TranslucentTransformGizmoMaterial.uasset" 34
"../../../Engine/Content/VREditor/TransformGizmo/TranslucentTransformGizmoMaterial.uexp" 35
"../../../Engine/Content/VREditor/TransformGizmo/PlaneTranslationHandle.uasset" 36
"../../../Engine/Content/VREditor/TransformGizmo/PlaneTranslationHandle.uexp" 37
"../../../Engine/Content/VREditor/TransformGizmo/BoundingBoxCorner.uasset" 38
"../../../Engine/Content/VREditor/TransformGizmo/BoundingBoxCorner.uexp" 39
"../../../Engine/Content/VREditor/TransformGizmo/BoundingBoxEdge.uasset" 40
"../../../Engine/Content/VREditor/TransformGizmo/BoundingBoxEdge.uexp" 41
"../../../Engine/Content/VREditor/TransformGizmo/Main.uasset" 42
"../../../Engine/Content/VREditor/TransformGizmo/Main.uexp" 43
"../../../Engine/Content/VREditor/TransformGizmo/Xray.uasset" 44
"../../../Engine/Content/VREditor/TransformGizmo/Xray.uexp" 45
"../../../Engine/Content/VREditor/TransformGizmo/SM_Sequencer_Node.uasset" 46
"../../../Engine/Content/VREditor/TransformGizmo/SM_Sequencer_Node.uexp" 47
"../../../Engine/Content/EditorMaterials/Camera/CineMat.uasset" 48
"../../../Engine/Content/EditorMaterials/Camera/CineMat.uexp" 49
"../../../Engine/Content/EditorMaterials/Camera/MI_CineMat_Rig.uasset" 50
"../../../Engine/Content/EditorMaterials/Camera/MI_CineMat_Rig.uexp" 51
"../../../Engine/Content/EditorMeshes/Camera/SM_CraneRig_Base.uasset" 52
"../../../Engine/Content/EditorMeshes/Camera/SM_CraneRig_Base.uexp" 53
"../../../Engine/Content/EditorMeshes/Camera/SM_CraneRig_Arm.uasset" 54
"../../../Engine/Content/EditorMeshes/Camera/SM_CraneRig_Arm.uexp" 55
"../../../Engine/Content/EditorMeshes/Camera/SM_CraneRig_Mount.uasset" 56
"../../../Engine/Content/EditorMeshes/Camera/SM_CraneRig_Mount.uexp" 57
"../../../Engine/Content/EditorMeshes/Camera/SM_CraneRig_Body.uasset" 58
"../../../Engine/Content/EditorMeshes/Camera/SM_CraneRig_Body.uexp" 59
"../../../Engine/Content/EditorMeshes/Camera/SM_RailRig_Track.uasset" 60
"../../../Engine/Content/EditorMeshes/Camera/SM_RailRig_Track.uexp" 61
"../../../Engine/Content/EditorMeshes/Camera/SM_RailRig_Mount.uasset" 62
"../../../Engine/Content/EditorMeshes/Camera/SM_RailRig_Mount.uexp" 63
"../../../Engine/Content/EngineMaterials/T_Default_Material_Grid_M.ubulk" 64
"../../../Engine/Content/EngineMaterials/T_Default_Material_Grid_M.uasset" 65
"../../../Engine/Content/EngineMaterials/T_Default_Material_Grid_M.uexp" 66
"../../../Engine/Content/EngineMaterials/T_Default_Material_Grid_N.ubulk" 67
"../../../Engine/Content/EngineMaterials/T_Default_Material_Grid_N.uasset" 68
"../../../Engine/Content/EngineMaterials/T_Default_Material_Grid_N.uexp" 69
"../../../Engine/Content/Functions/Engine_MaterialFunctions01/Opacity/CameraDepthFade.uasset" 70
"../../../Engine/Content/Functions/Engine_MaterialFunctions01/Opacity/CameraDepthFade.uexp" 71
"../../../Engine/Content/EngineMaterials/WorldGridMaterial.uasset" 72
"../../../Engine/Content/EngineMaterials/WorldGridMaterial.uexp" 73
"../../../Engine/Content/ArtTools/RenderToTexture/Meshes/S_1_Unit_Plane.uasset" 74
"../../../Engine/Content/ArtTools/RenderToTexture/Meshes/S_1_Unit_Plane.uexp" 75
"../../../Engine/Content/EditorMaterials/ParticleSystems/PSysThumbnail_NoImage.ubulk" 76
"../../../Engine/Content/EditorMaterials/ParticleSystems/PSysThumbnail_NoImage.uasset" 77
"../../../Engine/Content/EditorMaterials/ParticleSystems/PSysThumbnail_NoImage.uexp" 78
"../../../Engine/Content/EditorMaterials/ParticleSystems/PSysThumbnail_OOD.ubulk" 79
"../../../Engine/Content/EditorMaterials/ParticleSystems/PSysThumbnail_OOD.uasset" 80
"../../../Engine/Content/EditorMaterials/ParticleSystems/PSysThumbnail_OOD.uexp" 81
"../../../Engine/Content/EditorLandscapeResources/SplineEditorMeshMat.uasset" 82
"../../../Engine/Content/EditorLandscapeResources/SplineEditorMeshMat.uexp" 83
"../../../Engine/Content/EditorLandscapeResources/SplineEditorMesh.uasset" 84
"../../../Engine/Content/EditorLandscapeResources/SplineEditorMesh.uexp" 85
"../../../Engine/Content/EditorResources/S_Solver.ubulk" 86
"../../../Engine/Content/EditorResources/S_Solver.uasset" 87
"../../../Engine/Content/EditorResources/S_Solver.uexp" 88
"../../../Engine/Plugins/Media/MediaPlate/Content/SM_MediaPlateScreen.uasset" 89
"../../../Engine/Plugins/Media/MediaPlate/Content/SM_MediaPlateScreen.uexp" 90
"../../../Engine/Content/EngineMaterials/Good64x64TilingNoiseHighFreq.uasset" 91
"../../../Engine/Content/EngineMaterials/Good64x64TilingNoiseHighFreq.uexp" 92
"../../../Engine/Content/EngineMaterials/DefaultBokeh.uasset" 93
"../../../Engine/Content/EngineMaterials/DefaultBokeh.uexp" 94
"../../../Engine/Content/EngineMaterials/PreintegratedSkinBRDF.uasset" 95
"../../../Engine/Content/EngineMaterials/PreintegratedSkinBRDF.uexp" 96
"../../../Engine/Content/EngineMaterials/MiniFont.uasset" 97
"../../../Engine/Content/EngineMaterials/MiniFont.uexp" 98
"../../../Engine/Content/EngineMaterials/WeightMapPlaceholderTexture.uasset" 99
"../../../Engine/Content/EngineMaterials/WeightMapPlaceholderTexture.uexp" 100
"../../../Engine/Plugins/2D/Paper2D/Content/PlaceholderTextures/DummySpriteTexture.ubulk" 101
"../../../Engine/Plugins/2D/Paper2D/Content/PlaceholderTextures/DummySpriteTexture.uasset" 102
"../../../Engine/Plugins/2D/Paper2D/Content/PlaceholderTextures/DummySpriteTexture.uexp" 103
"../../../Engine/Plugins/2D/Paper2D/Content/DefaultSpriteMaterial.uasset" 104
"../../../Engine/Plugins/2D/Paper2D/Content/DefaultSpriteMaterial.uexp" 105
"../../../Engine/Plugins/2D/Paper2D/Content/OpaqueUnlitSpriteMaterial.uasset" 106
"../../../Engine/Plugins/2D/Paper2D/Content/OpaqueUnlitSpriteMaterial.uexp" 107
"../../../Engine/Plugins/2D/Paper2D/Content/MaskedUnlitSpriteMaterial.uasset" 108
"../../../Engine/Plugins/2D/Paper2D/Content/MaskedUnlitSpriteMaterial.uexp" 109
"../../../Engine/Plugins/2D/Paper2D/Content/DummySprite.uasset" 110
"../../../Engine/Plugins/2D/Paper2D/Content/DummySprite.uexp" 111
"../../../Engine/Plugins/2D/Paper2D/Content/DefaultPaperTerrainMaterial.uasset" 112
"../../../Engine/Plugins/2D/Paper2D/Content/DefaultPaperTerrainMaterial.uexp" 113
"../../../Engine/Content/Functions/Engine_MaterialFunctions02/WorldPositionOffset/CameraOffset.uasset" 114
"../../../Engine/Content/Functions/Engine_MaterialFunctions02/WorldPositionOffset/CameraOffset.uexp" 115
"../../../Engine/Plugins/Animation/ControlRig/Content/M_Manip.uasset" 116
"../../../Engine/Plugins/Animation/ControlRig/Content/M_Manip.uexp" 117
"../../../Engine/Content/Animation/DefaultRecorderBoneCompression.uasset" 118
"../../../Engine/Content/Animation/DefaultRecorderBoneCompression.uexp" 119
"../../../Engine/Content/Animation/DefaultAnimCurveCompressionSettings.uasset" 120
"../../../Engine/Content/Animation/DefaultAnimCurveCompressionSettings.uexp" 121
"../../../Engine/Content/Animation/DefaultAnimBoneCompressionSettings.uasset" 122
"../../../Engine/Content/Animation/DefaultAnimBoneCompressionSettings.uexp" 123
"../../../Engine/Plugins/Animation/ControlRig/Content/Controls/DefaultGizmoLibraryNormalized.uasset" 124
"../../../Engine/Plugins/Animation/ControlRig/Content/Controls/DefaultGizmoLibraryNormalized.uexp" 125
"../../../Engine/Plugins/Animation/ControlRig/Content/Controls/ControlRig_Wedge_solid.uasset" 126
"../../../Engine/Plugins/Animation/ControlRig/Content/Controls/ControlRig_Wedge_solid.uexp" 127
"../../../Engine/Plugins/Animation/ControlRig/Content/Controls/ControlRig_Wedge_3mm.uasset" 128
"../../../Engine/Plugins/Animation/ControlRig/Content/Controls/ControlRig_Wedge_3mm.uexp" 129
"../../../Engine/Plugins/Animation/ControlRig/Content/Controls/ControlRig_Wedge_1mm.uasset" 130
"../../../Engine/Plugins/Animation/ControlRig/Content/Controls/ControlRig_Wedge_1mm.uexp" 131
"../../../Engine/Plugins/Animation/ControlRig/Content/Controls/ControlRig_Triangle_solid.uasset" 132
"../../../Engine/Plugins/Animation/ControlRig/Content/Controls/ControlRig_Triangle_solid.uexp" 133
"../../../Engine/Plugins/Animation/ControlRig/Content/Controls/ControlRig_Triangle_3mm.uasset" 134
"../../../Engine/Plugins/Animation/ControlRig/Content/Controls/ControlRig_Triangle_3mm.uexp" 135
"../../../Engine/Plugins/Animation/ControlRig/Content/Controls/ControlRig_Triangle_1mm.uasset" 136
"../../../Engine/Plugins/Animation/ControlRig/Content/Controls/ControlRig_Triangle_1mm.uexp" 137
"../../../Engine/Plugins/Animation/ControlRig/Content/Controls/ControlRig_Star4_solid.uasset" 138
"../../../Engine/Plugins/Animation/ControlRig/Content/Controls/ControlRig_Star4_solid.uexp" 139
"../../../Engine/Plugins/Animation/ControlRig/Content/Controls/ControlRig_Star4_3mm.uasset" 140
"../../../Engine/Plugins/Animation/ControlRig/Content/Controls/ControlRig_Star4_3mm.uexp" 141
"../../../Engine/Plugins/Animation/ControlRig/Content/Controls/ControlRig_Star4_1mm.uasset" 142
"../../../Engine/Plugins/Animation/ControlRig/Content/Controls/ControlRig_Star4_1mm.uexp" 143
"../../../Engine/Plugins/Animation/ControlRig/Content/Controls/ControlRig_Square_solid.uasset" 144
"../../../Engine/Plugins/Animation/ControlRig/Content/Controls/ControlRig_Square_solid.uexp" 145
"C:/UE_Dev/Tankodrom/Content/Meshes/tank_fbx_Barrel.uasset" 146
"C:/UE_Dev/Tankodrom/Content/Meshes/tank_fbx_Barrel.uexp" 147
"../../../Engine/Content/Functions/Engine_MaterialFunctions02/Utility/VectorLength.uasset" 148
"../../../Engine/Content/Functions/Engine_MaterialFunctions02/Utility/VectorLength.uexp" 149
"../../../Engine/Content/Functions/Engine_MaterialFunctions02/WorldPositionOffset/ObjectScale.uasset" 150
"../../../Engine/Content/Functions/Engine_MaterialFunctions02/WorldPositionOffset/ObjectScale.uexp" 151
"../../../Engine/Content/EditorResources/FieldNodes/_Resources/M_FieldRadiusPreview.uasset" 152
"../../../Engine/Content/EditorResources/FieldNodes/_Resources/M_FieldRadiusPreview.uexp" 153
"../../../Engine/Content/EditorResources/FieldNodes/_Resources/MI_FieldRadiusPreview.uasset" 154
"../../../Engine/Content/EditorResources/FieldNodes/_Resources/MI_FieldRadiusPreview.uexp" 155
"../../../Engine/Content/EditorResources/FieldNodes/_Resources/SM_FieldArrow.uasset" 156
"../../../Engine/Content/EditorResources/FieldNodes/_Resources/SM_FieldArrow.uexp" 157
"../../../Engine/Content/VREditor/LaserPointer/LaserPointerMaterial.uasset" 158
"../../../Engine/Content/VREditor/LaserPointer/LaserPointerMaterial.uexp" 159
"../../../Engine/Content/VREditor/LaserPointer/LaserPointerMaterial_Inst.uasset" 160
"../../../Engine/Content/VREditor/LaserPointer/LaserPointerMaterial_Inst.uexp" 161
"C:/UE_Dev/Tankodrom/Content/Game/BP_Projectile.uasset" 162
"C:/UE_Dev/Tankodrom/Content/Game/BP_Projectile.uexp" 163
"../../../Engine/Content/TemplateResources/M_Template_Master.uasset" 164
"../../../Engine/Content/TemplateResources/M_Template_Master.uexp" 165
"../../../Engine/Content/TemplateResources/MI_Template_BaseGray_Metal.uasset" 166
"../../../Engine/Content/TemplateResources/MI_Template_BaseGray_Metal.uexp" 167
"C:/UE_Dev/Tankodrom/Content/Player/BP_Cannon.uasset" 168
"C:/UE_Dev/Tankodrom/Content/Player/BP_Cannon.uexp" 169
"C:/UE_Dev/Tankodrom/Content/Meshes/Tiger_turret_v3.uasset" 170
"C:/UE_Dev/Tankodrom/Content/Meshes/Tiger_turret_v3.uexp" 171
"C:/UE_Dev/Tankodrom/Content/Meshes/Tiger_turret_nogun.uasset" 172
"C:/UE_Dev/Tankodrom/Content/Meshes/Tiger_turret_nogun.uexp" 173
"C:/UE_Dev/Tankodrom/Content/Meshes/Tiger_body_v3.uasset" 174
"C:/UE_Dev/Tankodrom/Content/Meshes/Tiger_body_v3.uexp" 175
"C:/UE_Dev/Tankodrom/Content/Meshes/Box_Wall.uasset" 176
"C:/UE_Dev/Tankodrom/Content/Meshes/Box_Wall.uexp" 177
"../../../Engine/Content/EngineMaterials/DefaultPhysicalMaterial.uasset" 178
"../../../Engine/Content/EngineMaterials/DefaultPhysicalMaterial.uexp" 179
"C:/UE_Dev/Tankodrom/Content/Meshes/Materials/Material_0.uasset" 180
"C:/UE_Dev/Tankodrom/Content/Meshes/Materials/Material_0.uexp" 181
"C:/UE_Dev/Tankodrom/Content/Meshes/Materials/Material_1.uasset" 182
"C:/UE_Dev/Tankodrom/Content/Meshes/Materials/Material_1.uexp" 183
"C:/UE_Dev/Tankodrom/Content/Meshes/Augmented_Truncated_Icosahedron.uasset" 184
"C:/UE_Dev/Tankodrom/Content/Meshes/Augmented_Truncated_Icosahedron.uexp" 185
"C:/UE_Dev/Tankodrom/Content/Materials/T_CarbonFiber_R_00.ubulk" 186
"C:/UE_Dev/Tankodrom/Content/Materials/T_CarbonFiber_R_00.uasset" 187
"C:/UE_Dev/Tankodrom/Content/Materials/T_CarbonFiber_R_00.uexp" 188
"C:/UE_Dev/Tankodrom/Content/Materials/T_CarbonFiber_N_00.ubulk" 189
"C:/UE_Dev/Tankodrom/Content/Materials/T_CarbonFiber_N_00.uasset" 190
"C:/UE_Dev/Tankodrom/Content/Materials/T_CarbonFiber_N_00.uexp" 191
"C:/UE_Dev/Tankodrom/Content/Materials/T_CarbonFiber_D.ubulk" 192
"C:/UE_Dev/Tankodrom/Content/Materials/T_CarbonFiber_D.uasset" 193
"C:/UE_Dev/Tankodrom/Content/Materials/T_CarbonFiber_D.uexp" 194
"C:/UE_Dev/Tankodrom/Content/Materials/T_Brick_Hewn_Stone_N.ubulk" 195
"C:/UE_Dev/Tankodrom/Content/Materials/T_Brick_Hewn_Stone_N.uasset" 196
"C:/UE_Dev/Tankodrom/Content/Materials/T_Brick_Hewn_Stone_N.uexp" 197
"C:/UE_Dev/Tankodrom/Content/Materials/T_Brick_Hewn_Stone_M.ubulk" 198
"C:/UE_Dev/Tankodrom/Content/Materials/T_Brick_Hewn_Stone_M.uasset" 199
"C:/UE_Dev/Tankodrom/Content/Materials/T_Brick_Hewn_Stone_M.uexp" 200
"C:/UE_Dev/Tankodrom/Content/Materials/T_Brick_Hewn_Stone_D.ubulk" 201
"C:/UE_Dev/Tankodrom/Content/Materials/T_Brick_Hewn_Stone_D.uasset" 202
"C:/UE_Dev/Tankodrom/Content/Materials/T_Brick_Hewn_Stone_D.uexp" 203
"C:/UE_Dev/Tankodrom/Content/Materials/T_Brick_Cut_Stone_N.ubulk" 204
"C:/UE_Dev/Tankodrom/Content/Materials/T_Brick_Cut_Stone_N.uasset" 205
"C:/UE_Dev/Tankodrom/Content/Materials/T_Brick_Cut_Stone_N.uexp" 206
"C:/UE_Dev/Tankodrom/Content/Materials/T_Brick_Cut_Stone_D.ubulk" 207
"C:/UE_Dev/Tankodrom/Content/Materials/T_Brick_Cut_Stone_D.uasset" 208
"C:/UE_Dev/Tankodrom/Content/Materials/T_Brick_Cut_Stone_D.uexp" 209
"C:/UE_Dev/Tankodrom/Content/Materials/T_bricks10_roughness_4k.ubulk" 210
"C:/UE_Dev/Tankodrom/Content/Materials/T_bricks10_roughness_4k.uasset" 211
"C:/UE_Dev/Tankodrom/Content/Materials/T_bricks10_roughness_4k.uexp" 212
"C:/UE_Dev/Tankodrom/Content/Materials/T_bricks10_normal_4k.ubulk" 213
"C:/UE_Dev/Tankodrom/Content/Materials/T_bricks10_normal_4k.uasset" 214
"C:/UE_Dev/Tankodrom/Content/Materials/T_bricks10_normal_4k.uexp" 215
"C:/UE_Dev/Tankodrom/Content/Materials/T_bricks10_height_4k.ubulk" 216
"C:/UE_Dev/Tankodrom/Content/Materials/T_bricks10_height_4k.uasset" 217
"C:/UE_Dev/Tankodrom/Content/Materials/T_bricks10_height_4k.uexp" 218
"C:/UE_Dev/Tankodrom/Content/Materials/T_bricks10_diffuse_4k.ubulk" 219
"C:/UE_Dev/Tankodrom/Content/Materials/T_bricks10_diffuse_4k.uasset" 220
"C:/UE_Dev/Tankodrom/Content/Materials/T_bricks10_diffuse_4k.uexp" 221
"../../../Engine/Content/EngineMaterials/BlendFunc_DefBlend.uasset" 222
"../../../Engine/Content/EngineMaterials/BlendFunc_DefBlend.uexp" 223
"../../../Engine/Content/EngineMaterials/BlendFunc_DefBase.uasset" 224
"../../../Engine/Content/EngineMaterials/BlendFunc_DefBase.uexp" 225
"../../../Engine/Content/Functions/Engine_MaterialFunctions03/Blends/Blend_Overlay.uasset" 226
"../../../Engine/Content/Functions/Engine_MaterialFunctions03/Blends/Blend_Overlay.uexp" 227
"../../../Engine/Content/Functions/Engine_MaterialFunctions01/Texturing/FlattenNormal.uasset" 228
"../../../Engine/Content/Functions/Engine_MaterialFunctions01/Texturing/FlattenNormal.uexp" 229
"C:/UE_Dev/Tankodrom/Content/Materials/M_Ground.uasset" 230
"C:/UE_Dev/Tankodrom/Content/Materials/M_Ground.uexp" 231
"C:/UE_Dev/Tankodrom/Content/Materials/MI_Ground_Inst.uasset" 232
"C:/UE_Dev/Tankodrom/Content/Materials/MI_Ground_Inst.uexp" 233
"C:/UE_Dev/Tankodrom/Content/Materials/MI_CarbonFiber_Inst.uasset" 234
"C:/UE_Dev/Tankodrom/Content/Materials/MI_CarbonFiber_Inst.uexp" 235
"C:/UE_Dev/Tankodrom/Content/Materials/MI_Brick_MF_Plane.uasset" 236
"C:/UE_Dev/Tankodrom/Content/Materials/MI_Brick_MF_Plane.uexp" 237
"C:/UE_Dev/Tankodrom/Content/Materials/ground_diff.uasset" 238
"C:/UE_Dev/Tankodrom/Content/Materials/ground_diff.uexp" 239
"C:/UE_Dev/Tankodrom/Content/Materials/ground_bmp.uasset" 240
"C:/UE_Dev/Tankodrom/Content/Materials/ground_bmp.uexp" 241
"../../../Engine/Plugins/Runtime/MeshModelingToolset/Content/Materials/M_DynamicMeshComponentVtxColor.uasset" 242
"../../../Engine/Plugins/Runtime/MeshModelingToolset/Content/Materials/M_DynamicMeshComponentVtxColor.uexp" 243
"../../../Engine/Plugins/Interchange/Runtime/Content/Pipelines/DefaultTexturePipeline.uasset" 244
"../../../Engine/Plugins/Interchange/Runtime/Content/Pipelines/DefaultTexturePipeline.uexp" 245
"../../../Engine/Plugins/Interchange/Runtime/Content/Pipelines/DefaultSceneLevelPipeline.uasset" 246
"../../../Engine/Plugins/Interchange/Runtime/Content/Pipelines/DefaultSceneLevelPipeline.uexp" 247
"../../../Engine/Plugins/Interchange/Runtime/Content/Pipelines/DefaultSceneAssetsPipeline.uasset" 248
"../../../Engine/Plugins/Interchange/Runtime/Content/Pipelines/DefaultSceneAssetsPipeline.uexp" 249
"../../../Engine/Plugins/Interchange/Runtime/Content/Pipelines/DefaultMaterialPipeline.uasset" 250
"../../../Engine/Plugins/Interchange/Runtime/Content/Pipelines/DefaultMaterialPipeline.uexp" 251
"../../../Engine/Plugins/Interchange/Runtime/Content/Pipelines/DefaultAssetsPipeline.uasset" 252
"../../../Engine/Plugins/Interchange/Runtime/Content/Pipelines/DefaultAssetsPipeline.uexp" 253
"../../../Engine/Plugins/Editor/SpeedTreeImporter/Content/SpeedTree9/game_wind_noise.ubulk" 254
"../../../Engine/Plugins/Editor/SpeedTreeImporter/Content/SpeedTree9/game_wind_noise.uasset" 255
"../../../Engine/Plugins/Editor/SpeedTreeImporter/Content/SpeedTree9/game_wind_noise.uexp" 256
"../../../Engine/Plugins/Editor/SpeedTreeImporter/Content/SpeedTree9/UnpackDirection.uasset" 257
"../../../Engine/Plugins/Editor/SpeedTreeImporter/Content/SpeedTree9/UnpackDirection.uexp" 258
"../../../Engine/Content/Functions/Engine_MaterialFunctions02/ObjectLocalBounds.uasset" 259
"../../../Engine/Content/Functions/Engine_MaterialFunctions02/ObjectLocalBounds.uexp" 260
"../../../Engine/Content/Functions/Engine_MaterialFunctions02/Utility/BreakOutFloat3Components.uasset" 261
"../../../Engine/Content/Functions/Engine_MaterialFunctions02/Utility/BreakOutFloat3Components.uexp" 262
"../../../Engine/Content/Functions/Engine_MaterialFunctions02/UVs/BoundingBoxBased_0-1_UVW.uasset" 263
"../../../Engine/Content/Functions/Engine_MaterialFunctions02/UVs/BoundingBoxBased_0-1_UVW.uexp" 264
"../../../Engine/Plugins/Editor/SpeedTreeImporter/Content/SpeedTree9/UnpackInteger3.uasset" 265
"../../../Engine/Plugins/Editor/SpeedTreeImporter/Content/SpeedTree9/UnpackInteger3.uexp" 266
"../../../Engine/Plugins/Editor/SpeedTreeImporter/Content/SpeedTree9/SpeedTreeCameraFacing.uasset" 267
"../../../Engine/Plugins/Editor/SpeedTreeImporter/Content/SpeedTree9/SpeedTreeCameraFacing.uexp" 268
"../../../Engine/Content/Functions/Engine_MaterialFunctions02/SafeNormalize.uasset" 269
"../../../Engine/Content/Functions/Engine_MaterialFunctions02/SafeNormalize.uexp" 270
"../../../Engine/Plugins/Editor/SpeedTreeImporter/Content/SpeedTree9/SpeedTreeWindMotion.uasset" 271
"../../../Engine/Plugins/Editor/SpeedTreeImporter/Content/SpeedTree9/SpeedTreeWindMotion.uexp" 272
"../../../Engine/Plugins/Editor/SpeedTreeImporter/Content/SpeedTree9/SpeedTreeBranchMotion.uasset" 273
"../../../Engine/Plugins/Editor/SpeedTreeImporter/Content/SpeedTree9/SpeedTreeBranchMotion.uexp" 274
"../../../Engine/Plugins/Editor/SpeedTreeImporter/Content/SpeedTree9/SpeedTreeWind.uasset" 275
"../../../Engine/Plugins/Editor/SpeedTreeImporter/Content/SpeedTree9/SpeedTreeWind.uexp" 276
"../../../Engine/Plugins/Editor/SpeedTreeImporter/Content/SpeedTree9/EmptyNormal.uasset" 277
"../../../Engine/Plugins/Editor/SpeedTreeImporter/Content/SpeedTree9/EmptyNormal.uexp" 278
"../../../Engine/Plugins/Editor/SpeedTreeImporter/Content/SpeedTree9/Empty.uasset" 279
"../../../Engine/Plugins/Editor/SpeedTreeImporter/Content/SpeedTree9/Empty.uexp" 280
"../../../Engine/Plugins/Editor/SpeedTreeImporter/Content/SpeedTree9/SpeedTreeMaster.uasset" 281
"../../../Engine/Plugins/Editor/SpeedTreeImporter/Content/SpeedTree9/SpeedTreeMaster.uexp" 282
"../../../Engine/Plugins/Editor/SpeedTreeImporter/Content/SpeedTree9/SpeedTreeBillboard.uasset" 283
"../../../Engine/Plugins/Editor/SpeedTreeImporter/Content/SpeedTree9/SpeedTreeBillboard.uexp" 284
"../../../Engine/Plugins/Editor/SpeedTreeImporter/Content/SpeedTree9/SpeedTreeBillboardMaster.uasset" 285
"../../../Engine/Plugins/Editor/SpeedTreeImporter/Content/SpeedTree9/SpeedTreeBillboardMaster.uexp" 286
"../../../Engine/Plugins/Animation/ControlRig/Content/Controls/ControlRig_Square_3mm.uasset" 287
"../../../Engine/Plugins/Animation/ControlRig/Content/Controls/ControlRig_Square_3mm.uexp" 288
"../../../Engine/Plugins/Animation/ControlRig/Content/Controls/ControlRig_Square_1mm.uasset" 289
"../../../Engine/Plugins/Animation/ControlRig/Content/Controls/ControlRig_Square_1mm.uexp" 290
"../../../Engine/Plugins/Animation/ControlRig/Content/Controls/ControlRig_Sphere_solid.uasset" 291
"../../../Engine/Plugins/Animation/ControlRig/Content/Controls/ControlRig_Sphere_solid.uexp" 292
"../../../Engine/Plugins/Animation/ControlRig/Content/Controls/ControlRig_Sphere_3mm.uasset" 293
"../../../Engine/Plugins/Animation/ControlRig/Content/Controls/ControlRig_Sphere_3mm.uexp" 294
"../../../Engine/Plugins/Animation/ControlRig/Content/Controls/ControlRig_Sphere_1mm.uasset" 295
"../../../Engine/Plugins/Animation/ControlRig/Content/Controls/ControlRig_Sphere_1mm.uexp" 296
"../../../Engine/Plugins/Animation/ControlRig/Content/Controls/ControlRig_RoundedTriangle_solid.uasset" 297
"../../../Engine/Plugins/Animation/ControlRig/Content/Controls/ControlRig_RoundedTriangle_solid.uexp" 298
"../../../Engine/Plugins/Animation/ControlRig/Content/Controls/ControlRig_RoundedTriangle_3mm.uasset" 299
"../../../Engine/Plugins/Animation/ControlRig/Content/Controls/ControlRig_RoundedTriangle_3mm.uexp" 300
"../../../Engine/Plugins/Animation/ControlRig/Content/Controls/ControlRig_RoundedTriangle_1mm.uasset" 301
"../../../Engine/Plugins/Animation/ControlRig/Content/Controls/ControlRig_RoundedTriangle_1mm.uexp" 302
"../../../Engine/Plugins/Animation/ControlRig/Content/Controls/ControlRig_RoundedSquare_solid.uasset" 303
"../../../Engine/Plugins/Animation/ControlRig/Content/Controls/ControlRig_RoundedSquare_solid.uexp" 304
"../../../Engine/Plugins/Animation/ControlRig/Content/Controls/ControlRig_RoundedSquare_3mm.uasset" 305
"../../../Engine/Plugins/Animation/ControlRig/Content/Controls/ControlRig_RoundedSquare_3mm.uexp" 306
"../../../Engine/Plugins/Animation/ControlRig/Content/Controls/ControlRig_RoundedSquare_1mm.uasset" 307
"../../../Engine/Plugins/Animation/ControlRig/Content/Controls/ControlRig_RoundedSquare_1mm.uexp" 308
"../../../Engine/Plugins/Animation/ControlRig/Content/Controls/ControlRig_QuarterCircle_solid.uasset" 309
"../../../Engine/Plugins/Animation/ControlRig/Content/Controls/ControlRig_QuarterCircle_solid.uexp" 310
"../../../Engine/Plugins/Animation/ControlRig/Content/Controls/ControlRig_QuarterCircle_3mm.uasset" 311
"../../../Engine/Plugins/Animation/ControlRig/Content/Controls/ControlRig_QuarterCircle_3mm.uexp" 312
"../../../Engine/Plugins/Animation/ControlRig/Content/Controls/ControlRig_QuarterCircle_1mm.uasset" 313
"../../../Engine/Plugins/Animation/ControlRig/Content/Controls/ControlRig_QuarterCircle_1mm.uexp" 314
"../../../Engine/Plugins/Animation/ControlRig/Content/Controls/ControlRig_Pyramid_solid.uasset" 315
"../../../Engine/Plugins/Animation/ControlRig/Content/Controls/ControlRig_Pyramid_solid.uexp" 316
"../../../Engine/Plugins/Animation/ControlRig/Content/Controls/ControlRig_Pyramid_3mm.uasset" 317
"../../../Engine/Plugins/Animation/ControlRig/Content/Controls/ControlRig_Pyramid_3mm.uexp" 318
"../../../Engine/Plugins/Animation/ControlRig/Content/Controls/ControlRig_Pyramid_1mm.uasset" 319
"../../../Engine/Plugins/Animation/ControlRig/Content/Controls/ControlRig_Pyramid_1mm.uexp" 320
"../../../Engine/Plugins/Animation/ControlRig/Content/Controls/ControlRig_Octagon_solid.uasset" 321
"../../../Engine/Plugins/Animation/ControlRig/Content/Controls/ControlRig_Octagon_solid.uexp" 322
"../../../Engine/Plugins/Animation/ControlRig/Content/Controls/ControlRig_Octagon_3mm.uasset" 323
"../../../Engine/Plugins/Animation/ControlRig/Content/Controls/ControlRig_Octagon_3mm.uexp" 324
"../../../Engine/Plugins/Animation/ControlRig/Content/Controls/ControlRig_Octagon_1mm.uasset" 325
"../../../Engine/Plugins/Animation/ControlRig/Content/Controls/ControlRig_Octagon_1mm.uexp" 326
"../../../Engine/Plugins/Animation/ControlRig/Content/Controls/ControlRig_Hexagon_solid.uasset" 327
"../../../Engine/Plugins/Animation/ControlRig/Content/Controls/ControlRig_Hexagon_solid.uexp" 328
"../../../Engine/Plugins/Animation/ControlRig/Content/Controls/ControlRig_Hexagon_3mm.uasset" 329
"../../../Engine/Plugins/Animation/ControlRig/Content/Controls/ControlRig_Hexagon_3mm.uexp" 330
"../../../Engine/Plugins/Animation/ControlRig/Content/Controls/ControlRig_Hexagon_1mm.uasset" 331
"../../../Engine/Plugins/Animation/ControlRig/Content/Controls/ControlRig_Hexagon_1mm.uexp" 332
"../../../Engine/Plugins/Animation/ControlRig/Content/Controls/ControlRig_HalfCircle_solid.uasset" 333
"../../../Engine/Plugins/Animation/ControlRig/Content/Controls/ControlRig_HalfCircle_solid.uexp" 334
"../../../Engine/Plugins/Animation/ControlRig/Content/Controls/ControlRig_HalfCircle_3mm.uasset" 335
"../../../Engine/Plugins/Animation/ControlRig/Content/Controls/ControlRig_HalfCircle_3mm.uexp" 336
"../../../Engine/Plugins/Animation/ControlRig/Content/Controls/ControlRig_HalfCircle_1mm.uasset" 337
"../../../Engine/Plugins/Animation/ControlRig/Content/Controls/ControlRig_HalfCircle_1mm.uexp" 338
"../../../Engine/Plugins/Animation/ControlRig/Content/Controls/ControlRig_Diamond_solid.uasset" 339
"../../../Engine/Plugins/Animation/ControlRig/Content/Controls/ControlRig_Diamond_solid.uexp" 340
"../../../Engine/Plugins/Animation/ControlRig/Content/Controls/ControlRig_Diamond_3mm.uasset" 341
"../../../Engine/Plugins/Animation/ControlRig/Content/Controls/ControlRig_Diamond_3mm.uexp" 342
"../../../Engine/Plugins/Animation/ControlRig/Content/Controls/ControlRig_Diamond_1mm.uasset" 343
"../../../Engine/Plugins/Animation/ControlRig/Content/Controls/ControlRig_Diamond_1mm.uexp" 344
"../../../Engine/Plugins/Animation/ControlRig/Content/Controls/ControlRig_Circle_solid.uasset" 345
"../../../Engine/Plugins/Animation/ControlRig/Content/Controls/ControlRig_Circle_solid.uexp" 346
"../../../Engine/Plugins/Animation/ControlRig/Content/Controls/ControlRig_Circle_3mm.uasset" 347
"../../../Engine/Plugins/Animation/ControlRig/Content/Controls/ControlRig_Circle_3mm.uexp" 348
"../../../Engine/Plugins/Animation/ControlRig/Content/Controls/ControlRig_Circle_1mm.uasset" 349
"../../../Engine/Plugins/Animation/ControlRig/Content/Controls/ControlRig_Circle_1mm.uexp" 350
"../../../Engine/Plugins/Animation/ControlRig/Content/Controls/ControlRig_Box_solid.uasset" 351
"../../../Engine/Plugins/Animation/ControlRig/Content/Controls/ControlRig_Box_solid.uexp" 352
"../../../Engine/Plugins/Animation/ControlRig/Content/Controls/ControlRig_Box_3mm.uasset" 353
"../../../Engine/Plugins/Animation/ControlRig/Content/Controls/ControlRig_Box_3mm.uexp" 354
"../../../Engine/Plugins/Animation/ControlRig/Content/Controls/ControlRig_Box_1mm.uasset" 355
"../../../Engine/Plugins/Animation/ControlRig/Content/Controls/ControlRig_Box_1mm.uexp" 356
"../../../Engine/Plugins/Animation/ControlRig/Content/Controls/ControlRig_Arrow_solid.uasset" 357
"../../../Engine/Plugins/Animation/ControlRig/Content/Controls/ControlRig_Arrow_solid.uexp" 358
"../../../Engine/Plugins/Animation/ControlRig/Content/Controls/ControlRig_Arrow_3mm.uasset" 359
"../../../Engine/Plugins/Animation/ControlRig/Content/Controls/ControlRig_Arrow_3mm.uexp" 360
"../../../Engine/Plugins/Animation/ControlRig/Content/Controls/ControlRig_Arrow_1mm.uasset" 361
"../../../Engine/Plugins/Animation/ControlRig/Content/Controls/ControlRig_Arrow_1mm.uexp" 362
"../../../Engine/Plugins/Animation/ControlRig/Content/Controls/ControlRig_Arrow4_solid.uasset" 363
"../../../Engine/Plugins/Animation/ControlRig/Content/Controls/ControlRig_Arrow4_solid.uexp" 364
"../../../Engine/Plugins/Animation/ControlRig/Content/Controls/ControlRig_Arrow4_3mm.uasset" 365
"../../../Engine/Plugins/Animation/ControlRig/Content/Controls/ControlRig_Arrow4_3mm.uexp" 366
"../../../Engine/Plugins/Animation/ControlRig/Content/Controls/ControlRig_Arrow4_1mm.uasset" 367
"../../../Engine/Plugins/Animation/ControlRig/Content/Controls/ControlRig_Arrow4_1mm.uexp" 368
"../../../Engine/Plugins/Animation/ControlRig/Content/Controls/ControlRig_Arrow2_solid.uasset" 369
"../../../Engine/Plugins/Animation/ControlRig/Content/Controls/ControlRig_Arrow2_solid.uexp" 370
"../../../Engine/Plugins/Animation/ControlRig/Content/Controls/ControlRig_Arrow2_3mm.uasset" 371
"../../../Engine/Plugins/Animation/ControlRig/Content/Controls/ControlRig_Arrow2_3mm.uexp" 372
"../../../Engine/Plugins/Animation/ControlRig/Content/Controls/ControlRig_Arrow2_1mm.uasset" 373
"../../../Engine/Plugins/Animation/ControlRig/Content/Controls/ControlRig_Arrow2_1mm.uexp" 374
"../../../Engine/Plugins/Animation/ControlRig/Content/Controls/ControlRigXRayMaterial.uasset" 375
"../../../Engine/Plugins/Animation/ControlRig/Content/Controls/ControlRigXRayMaterial.uexp" 376
"../../../Engine/Plugins/Animation/ControlRig/Content/Controls/ControlRigGizmoMaterial.uasset" 377
"../../../Engine/Plugins/Animation/ControlRig/Content/Controls/ControlRigGizmoMaterial.uexp" 378
"../../../Engine/Content/EngineSounds/Master.uasset" 379
"../../../Engine/Content/EngineSounds/Master.uexp" 380
"../../../Engine/Content/EngineResources/WhiteSquareTexture.uasset" 381
"../../../Engine/Content/EngineResources/WhiteSquareTexture.uexp" 382
"../../../Engine/Content/EngineMaterials/Widget3DPassThrough.uasset" 383
"../../../Engine/Content/EngineMaterials/Widget3DPassThrough.uexp" 384
"../../../Engine/Content/EngineMaterials/Widget3DPassThrough_Translucent.uasset" 385
"../../../Engine/Content/EngineMaterials/Widget3DPassThrough_Translucent.uexp" 386
"../../../Engine/Content/EngineMaterials/Widget3DPassThrough_Translucent_OneSided.uasset" 387
"../../../Engine/Content/EngineMaterials/Widget3DPassThrough_Translucent_OneSided.uexp" 388
"../../../Engine/Content/EngineMaterials/Widget3DPassThrough_Opaque.uasset" 389
"../../../Engine/Content/EngineMaterials/Widget3DPassThrough_Opaque.uexp" 390
"../../../Engine/Content/EngineMaterials/Widget3DPassThrough_Opaque_OneSided.uasset" 391
"../../../Engine/Content/EngineMaterials/Widget3DPassThrough_Opaque_OneSided.uexp" 392
"../../../Engine/Content/EngineMaterials/Widget3DPassThrough_Masked_OneSided.uasset" 393
"../../../Engine/Content/EngineMaterials/Widget3DPassThrough_Masked_OneSided.uexp" 394
"../../../Engine/Content/EngineMaterials/Widget3DPassThrough_Masked.uasset" 395
"../../../Engine/Content/EngineMaterials/Widget3DPassThrough_Masked.uexp" 396
"../../../Engine/Content/EngineMaterials/STBlueNoise_vec2_128x128x64.uasset" 397
"../../../Engine/Content/EngineMaterials/STBlueNoise_vec2_128x128x64.uexp" 398
"../../../Engine/Content/EngineMaterials/STBlueNoise_scalar_128x128x64.uasset" 399
"../../../Engine/Content/EngineMaterials/STBlueNoise_scalar_128x128x64.uexp" 400
"../../../Engine/Content/EngineMaterials/RemoveSurfaceMaterial.uasset" 401
"../../../Engine/Content/EngineMaterials/RemoveSurfaceMaterial.uexp" 402
"../../../Engine/Content/EngineMaterials/DefaultCalibrationGrayscale.uasset" 403
"../../../Engine/Content/EngineMaterials/DefaultCalibrationGrayscale.uexp" 404
"../../../Engine/Content/EngineMaterials/PPM_DefaultCalibrationGrayscale.uasset" 405
"../../../Engine/Content/EngineMaterials/PPM_DefaultCalibrationGrayscale.uexp" 406
"../../../Engine/Content/EngineMaterials/DefaultCalibrationColor.uasset" 407
"../../../Engine/Content/EngineMaterials/DefaultCalibrationColor.uexp" 408
"../../../Engine/Content/EngineMaterials/PPM_DefaultCalibrationColor.uasset" 409
"../../../Engine/Content/EngineMaterials/PPM_DefaultCalibrationColor.uexp" 410
"../../../Engine/Content/EngineMaterials/PhAT_JointLimitMaterial.uasset" 411
"../../../Engine/Content/EngineMaterials/PhAT_JointLimitMaterial.uexp" 412
"../../../Engine/Content/EngineMaterials/NaniteHiddenSectionMaterial.uasset" 413
"../../../Engine/Content/EngineMaterials/NaniteHiddenSectionMaterial.uexp" 414
"../../../Engine/Content/EngineMaterials/InvalidLightmapSettings.ubulk" 415
"../../../Engine/Content/EngineMaterials/InvalidLightmapSettings.uasset" 416
"../../../Engine/Content/EngineMaterials/InvalidLightmapSettings.uexp" 417
"../../../Engine/Content/EngineMaterials/M_InvalidLightmapSettings.uasset" 418
"../../../Engine/Content/EngineMaterials/M_InvalidLightmapSettings.uexp" 419
"../../../Engine/Content/EngineMaterials/GizmoMaterial.uasset" 420
"../../../Engine/Content/EngineMaterials/GizmoMaterial.uexp" 421
"../../../Engine/Content/EngineMaterials/BaseFlattenEmissiveMap_VT.uasset" 422
"../../../Engine/Content/EngineMaterials/BaseFlattenEmissiveMap_VT.uexp" 423
"../../../Engine/Content/EngineMaterials/BaseFlattenGrayscaleMap_VT.uasset" 424
"../../../Engine/Content/EngineMaterials/BaseFlattenGrayscaleMap_VT.uexp" 425
"../../../Engine/Content/EngineMaterials/BaseFlattenLinearColor_VT.uasset" 426
"../../../Engine/Content/EngineMaterials/BaseFlattenLinearColor_VT.uexp" 427
"../../../Engine/Content/EngineMaterials/Black_1x1_EXR_Texture_VT.uasset" 428
"../../../Engine/Content/EngineMaterials/Black_1x1_EXR_Texture_VT.uexp" 429
"../../../Engine/Content/EngineMaterials/BaseFlattenDiffuseMap_VT.uasset" 430
"../../../Engine/Content/EngineMaterials/BaseFlattenDiffuseMap_VT.uexp" 431
"../../../Engine/Content/EngineMaterials/BaseFlattenNormalMap_VT.uasset" 432
"../../../Engine/Content/EngineMaterials/BaseFlattenNormalMap_VT.uexp" 433
"../../../Engine/Content/EngineMaterials/FlattenMaterial_WS_Normal_VT.uasset" 434
"../../../Engine/Content/EngineMaterials/FlattenMaterial_WS_Normal_VT.uexp" 435
"../../../Engine/Content/EngineMaterials/FlattenMaterial_VT.uasset" 436
"../../../Engine/Content/EngineMaterials/FlattenMaterial_VT.uexp" 437
"../../../Engine/Content/EngineMaterials/BaseFlattenNormalMap.uasset" 438
"../../../Engine/Content/EngineMaterials/BaseFlattenNormalMap.uexp" 439
"../../../Engine/Content/EngineMaterials/BaseFlattenGrayscaleMap.uasset" 440
"../../../Engine/Content/EngineMaterials/BaseFlattenGrayscaleMap.uexp" 441
"../../../Engine/Content/EngineMaterials/BaseFlattenDiffuseMap.uasset" 442
"../../../Engine/Content/EngineMaterials/BaseFlattenDiffuseMap.uexp" 443
"../../../Engine/Content/Functions/Engine_MaterialFunctions02/PivotPainter2/Black_1x1_EXR_Texture.uasset" 444
"../../../Engine/Content/Functions/Engine_MaterialFunctions02/PivotPainter2/Black_1x1_EXR_Texture.uexp" 445
"../../../Engine/Content/EngineMaterials/BaseFlattenEmissiveMap.uasset" 446
"../../../Engine/Content/EngineMaterials/BaseFlattenEmissiveMap.uexp" 447
"../../../Engine/Content/EngineMaterials/BaseFlattenLinearColor.uasset" 448
"../../../Engine/Content/EngineMaterials/BaseFlattenLinearColor.uexp" 449
"../../../Engine/Content/EngineMaterials/FlattenMaterial.uasset" 450
"../../../Engine/Content/EngineMaterials/FlattenMaterial.uexp" 451
"../../../Engine/Content/EngineMaterials/DefaultWhiteGrid_Low.uasset" 452
"../../../Engine/Content/EngineMaterials/DefaultWhiteGrid_Low.uexp" 453
"../../../Engine/Content/EngineMaterials/EmissiveMeshMaterial.uasset" 454
"../../../Engine/Content/EngineMaterials/EmissiveMeshMaterial.uexp" 455
"../../../Engine/Content/EngineFonts/RobotoDistanceField.uasset" 456
"../../../Engine/Content/EngineFonts/RobotoDistanceField.uexp" 457
"../../../Engine/Content/EngineMaterials/DefaultTextMaterialOpaque.uasset" 458
"../../../Engine/Content/EngineMaterials/DefaultTextMaterialOpaque.uexp" 459
"../../../Engine/Content/EngineMaterials/DefaultDiffuse.ubulk" 460
"../../../Engine/Content/EngineMaterials/DefaultDiffuse.uasset" 461
"../../../Engine/Content/EngineMaterials/DefaultDiffuse.uexp" 462
"../../../Engine/Content/Functions/Engine_MaterialFunctions02/Utility/BreakOutFloat2Components.uasset" 463
"../../../Engine/Content/Functions/Engine_MaterialFunctions02/Utility/BreakOutFloat2Components.uexp" 464
"../../../Engine/Content/EngineMaterials/DefaultPostProcessMaterial.uasset" 465
"../../../Engine/Content/EngineMaterials/DefaultPostProcessMaterial.uexp" 466
"../../../Engine/Content/EngineMaterials/DefaultLightFunctionMaterial.uasset" 467
"../../../Engine/Content/EngineMaterials/DefaultLightFunctionMaterial.uexp" 468
"../../../Engine/Content/EngineMaterials/DefaultDestructiblePhysicalMaterial.uasset" 469
"../../../Engine/Content/EngineMaterials/DefaultDestructiblePhysicalMaterial.uexp" 470
"../../../Engine/Content/EngineMaterials/DefaultDeferredDecalMaterial.uasset" 471
"../../../Engine/Content/EngineMaterials/DefaultDeferredDecalMaterial.uexp" 472
"../../../Engine/Content/EngineMaterials/DefaultBloomKernel.uasset" 473
"../../../Engine/Content/EngineMaterials/DefaultBloomKernel.uexp" 474
"../../../Engine/Content/EngineFonts/Faces/RobotoLight.uexp" 475
"../../../Engine/Content/EngineFonts/Faces/RobotoLight.uasset" 476
"../../../Engine/Content/EngineFonts/Faces/RobotoLight.ufont" 477
"../../../Engine/Content/EngineFonts/Faces/RobotoBold.uexp" 478
"../../../Engine/Content/EngineFonts/Faces/RobotoBold.uasset" 479
"../../../Engine/Content/EngineFonts/Faces/RobotoBold.ufont" 480
"../../../Engine/Content/EngineFonts/Faces/RobotoRegular.uexp" 481
"../../../Engine/Content/EngineFonts/Faces/RobotoRegular.uasset" 482
"../../../Engine/Content/EngineFonts/Faces/RobotoRegular.ufont" 483
"../../../Engine/Content/EngineFonts/Faces/DroidSansFallback.uexp" 484
"../../../Engine/Content/EngineFonts/Faces/DroidSansFallback.uasset" 485
"../../../Engine/Content/EngineFonts/Faces/DroidSansFallback.ufont" 486
"../../../Engine/Content/EngineFonts/Faces/RobotoItalic.uexp" 487
"../../../Engine/Content/EngineFonts/Faces/RobotoItalic.uasset" 488
"../../../Engine/Content/EngineFonts/Faces/RobotoItalic.ufont" 489
"../../../Engine/Content/EngineFonts/Faces/RobotoBoldItalic.uexp" 490
"../../../Engine/Content/EngineFonts/Faces/RobotoBoldItalic.uasset" 491
"../../../Engine/Content/EngineFonts/Faces/RobotoBoldItalic.ufont" 492
"../../../Engine/Content/EngineFonts/Roboto.uasset" 493
"../../../Engine/Content/EngineFonts/Roboto.uexp" 494
"../../../Engine/Content/Functions/Engine_MaterialFunctions02/Utility/CameraDirectionVector.uasset" 495
"../../../Engine/Content/Functions/Engine_MaterialFunctions02/Utility/CameraDirectionVector.uexp" 496
"../../../Engine/Content/EngineDebugMaterials/VolumeToRender.uasset" 497
"../../../Engine/Content/EngineDebugMaterials/VolumeToRender.uexp" 498
"../../../Engine/Content/EngineDebugMaterials/M_VolumeRenderSphereTracePP.uasset" 499
"../../../Engine/Content/EngineDebugMaterials/M_VolumeRenderSphereTracePP.uexp" 500
"../../../Engine/Content/EngineDebugMaterials/M_SimpleUnlitTranslucent.uasset" 501
"../../../Engine/Content/EngineDebugMaterials/M_SimpleUnlitTranslucent.uexp" 502
"../../../Engine/Content/EngineDebugMaterials/DebugMeshMaterial.uasset" 503
"../../../Engine/Content/EngineDebugMaterials/DebugMeshMaterial.uexp" 504
"../../../Engine/Content/EngineDebugMaterials/DebugEditorMaterial.uasset" 505
"../../../Engine/Content/EngineDebugMaterials/DebugEditorMaterial.uexp" 506
"../../../Engine/Content/EngineDamageTypes/DmgTypeBP_Environmental.uasset" 507
"../../../Engine/Content/EngineDamageTypes/DmgTypeBP_Environmental.uexp" 508
"../../../Engine/Content/EditorResources/S_Terrain.ubulk" 509
"../../../Engine/Content/EditorResources/S_Terrain.uasset" 510
"../../../Engine/Content/EditorResources/S_Terrain.uexp" 511
"../../../Engine/Content/EditorResources/EmptyActor.uasset" 512
"../../../Engine/Content/EditorResources/EmptyActor.uexp" 513
"../../../Engine/Content/EditorResources/BSPVertex.uasset" 514
"../../../Engine/Content/EditorResources/BSPVertex.uexp" 515
"../../../Engine/Content/EditorMaterials/PreviewShadowIndicator.ubulk" 516
"../../../Engine/Content/EditorMaterials/PreviewShadowIndicator.uasset" 517
"../../../Engine/Content/EditorMaterials/PreviewShadowIndicator.uexp" 518
"../../../Engine/Content/EditorMaterials/PreviewShadowIndicatorMaterial.uasset" 519
"../../../Engine/Content/EditorMaterials/PreviewShadowIndicatorMaterial.uexp" 520
"../../../Engine/Content/EditorMaterials/PhAT_UnselectedMaterial.uasset" 521
"../../../Engine/Content/EditorMaterials/PhAT_UnselectedMaterial.uexp" 522
"../../../Engine/Content/EditorMaterials/PhAT_NoCollisionMaterial.uasset" 523
"../../../Engine/Content/EditorMaterials/PhAT_NoCollisionMaterial.uexp" 524
"../../../Engine/Content/EditorLandscapeResources/DefaultAlphaTexture.uasset" 525
"../../../Engine/Content/EditorLandscapeResources/DefaultAlphaTexture.uexp" 526
"../../../Engine/Content/EditorLandscapeResources/DataLayer.uasset" 527
"../../../Engine/Content/EditorLandscapeResources/DataLayer.uexp" 528
"../../../Engine/Content/BasicShapes/Plane.uasset" 529
"../../../Engine/Content/BasicShapes/Plane.uexp" 530
"../../../Engine/Content/EngineMaterials/DefaultMaterial.uasset" 531
"../../../Engine/Content/EngineMaterials/DefaultMaterial.uexp" 532
"../../../Engine/Content/BasicShapes/Cylinder.uasset" 533
"../../../Engine/Content/BasicShapes/Cylinder.uexp" 534
"../../../Engine/Content/BasicShapes/Cone.uasset" 535
"../../../Engine/Content/BasicShapes/Cone.uexp" 536
"../../../Engine/Content/EngineSky/VolumetricClouds/CloudWeatherTexture.uasset" 537
"../../../Engine/Content/EngineSky/VolumetricClouds/CloudWeatherTexture.uexp" 538
"../../../Engine/Content/Functions/Engine_MaterialFunctions02/Utility/MakeFloat2.uasset" 539
"../../../Engine/Content/Functions/Engine_MaterialFunctions02/Utility/MakeFloat2.uexp" 540
"../../../Engine/Content/EngineSky/VolumetricClouds/CloudGradientTexture.uasset" 541
"../../../Engine/Content/EngineSky/VolumetricClouds/CloudGradientTexture.uexp" 542
"../../../Engine/Content/EngineSky/VolumetricClouds/T_NoiseShape64.ubulk" 543
"../../../Engine/Content/EngineSky/VolumetricClouds/T_NoiseShape64.uasset" 544
"../../../Engine/Content/EngineSky/VolumetricClouds/T_NoiseShape64.uexp" 545
"../../../Engine/Content/EngineSky/VolumetricClouds/T_VolumeNoiseShape64.uasset" 546
"../../../Engine/Content/EngineSky/VolumetricClouds/T_VolumeNoiseShape64.uexp" 547
"../../../Engine/Content/EngineSky/VolumetricClouds/T_NoiseErosion.ubulk" 548
"../../../Engine/Content/EngineSky/VolumetricClouds/T_NoiseErosion.uasset" 549
"../../../Engine/Content/EngineSky/VolumetricClouds/T_NoiseErosion.uexp" 550
"../../../Engine/Content/EngineSky/VolumetricClouds/T_VolumeNoiseErosion32.uasset" 551
"../../../Engine/Content/EngineSky/VolumetricClouds/T_VolumeNoiseErosion32.uexp" 552
"../../../Engine/Content/EngineSky/VolumetricClouds/m_SimpleVolumetricCloud.uasset" 553
"../../../Engine/Content/EngineSky/VolumetricClouds/m_SimpleVolumetricCloud.uexp" 554
"../../../Engine/Content/EngineSky/VolumetricClouds/m_SimpleVolumetricCloud_Inst.uasset" 555
"../../../Engine/Content/EngineSky/VolumetricClouds/m_SimpleVolumetricCloud_Inst.uexp" 556
"C:/UE_Dev/Tankodrom/Content/Meshes/Materials/M_Tower.uasset" 557
"C:/UE_Dev/Tankodrom/Content/Meshes/Materials/M_Tower.uexp" 558
"C:/UE_Dev/Tankodrom/Content/Meshes/Materials/M_TB1_Floor.uasset" 559
"C:/UE_Dev/Tankodrom/Content/Meshes/Materials/M_TB1_Floor.uexp" 560
"C:/UE_Dev/Tankodrom/Content/Meshes/Materials/M_TB1_Cube.uasset" 561
"C:/UE_Dev/Tankodrom/Content/Meshes/Materials/M_TB1_Cube.uexp" 562
"C:/UE_Dev/Tankodrom/Content/Meshes/Materials/M_Tank.uasset" 563
"C:/UE_Dev/Tankodrom/Content/Meshes/Materials/M_Tank.uexp" 564
"C:/UE_Dev/Tankodrom/Content/Meshes/Materials/M_Select.uasset" 565
"C:/UE_Dev/Tankodrom/Content/Meshes/Materials/M_Select.uexp" 566
"C:/UE_Dev/Tankodrom/Content/Meshes/Materials/M_RLV_Glass.uasset" 567
"C:/UE_Dev/Tankodrom/Content/Meshes/Materials/M_RLV_Glass.uexp" 568
"C:/UE_Dev/Tankodrom/Content/Meshes/Materials/M_RLV.uasset" 569
"C:/UE_Dev/Tankodrom/Content/Meshes/Materials/M_RLV.uexp" 570
"C:/UE_Dev/Tankodrom/Content/Meshes/Materials/M_LGT_Tracks.uasset" 571
"C:/UE_Dev/Tankodrom/Content/Meshes/Materials/M_LGT_Tracks.uexp" 572
"C:/UE_Dev/Tankodrom/Content/Meshes/Materials/M_LGT.uasset" 573
"C:/UE_Dev/Tankodrom/Content/Meshes/Materials/M_LGT.uexp" 574
"C:/UE_Dev/Tankodrom/Content/Meshes/Materials/M_CSC_GaussGun.uasset" 575
"C:/UE_Dev/Tankodrom/Content/Meshes/Materials/M_CSC_GaussGun.uexp" 576
"C:/UE_Dev/Tankodrom/Content/Meshes/Materials/M_CSC.uasset" 577
"C:/UE_Dev/Tankodrom/Content/Meshes/Materials/M_CSC.uexp" 578
"C:/UE_Dev/Tankodrom/Content/Meshes/Materials/M_ACS18.uasset" 579
"C:/UE_Dev/Tankodrom/Content/Meshes/Materials/M_ACS18.uexp" 580
"../../../Engine/Content/MobileResources/HUD/VirtualJoystick_Background.uasset" 581
"../../../Engine/Content/MobileResources/HUD/VirtualJoystick_Background.uexp" 582
"../../../Engine/Content/MobileResources/HUD/VirtualJoystick_Thumb.uasset" 583
"../../../Engine/Content/MobileResources/HUD/VirtualJoystick_Thumb.uexp" 584
"../../../Engine/Content/MobileResources/HUD/DefaultVirtualJoysticks.uasset" 585
"../../../Engine/Content/MobileResources/HUD/DefaultVirtualJoysticks.uexp" 586
"../../../Engine/Content/EngineResources/FilmGrains/Marcie_Grain_v3_128_M2_000.uasset" 587
"../../../Engine/Content/EngineResources/FilmGrains/Marcie_Grain_v3_128_M2_000.uexp" 588
"../../../Engine/Content/EditorResources/SequenceRecorder/RecordingIndicator.uasset" 589
"../../../Engine/Content/EditorResources/SequenceRecorder/RecordingIndicator.uexp" 590
"../../../Engine/Content/EditorResources/SequenceRecorder/Countdown.uasset" 591
"../../../Engine/Content/EditorResources/SequenceRecorder/Countdown.uexp" 592
"C:/UE_Dev/Tankodrom/Content/Meshes/Materials/Mobile_materials/M_Tower_mobile.uasset" 593
"C:/UE_Dev/Tankodrom/Content/Meshes/Materials/Mobile_materials/M_Tower_mobile.uexp" 594
"C:/UE_Dev/Tankodrom/Content/Meshes/Materials/Mobile_materials/M_Tank_mobile.uasset" 595
"C:/UE_Dev/Tankodrom/Content/Meshes/Materials/Mobile_materials/M_Tank_mobile.uexp" 596
"C:/UE_Dev/Tankodrom/Content/Meshes/Materials/Mobile_materials/M_RLV_mobile.uasset" 597
"C:/UE_Dev/Tankodrom/Content/Meshes/Materials/Mobile_materials/M_RLV_mobile.uexp" 598
"C:/UE_Dev/Tankodrom/Content/Meshes/Materials/Mobile_materials/M_LGT_Tracks_mobile.uasset" 599
"C:/UE_Dev/Tankodrom/Content/Meshes/Materials/Mobile_materials/M_LGT_Tracks_mobile.uexp" 600
"C:/UE_Dev/Tankodrom/Content/Meshes/Materials/Mobile_materials/M_LGT_mobile.uasset" 601
"C:/UE_Dev/Tankodrom/Content/Meshes/Materials/Mobile_materials/M_LGT_mobile.uexp" 602
"C:/UE_Dev/Tankodrom/Content/Meshes/Materials/Mobile_materials/M_CSC_mobile.uasset" 603
"C:/UE_Dev/Tankodrom/Content/Meshes/Materials/Mobile_materials/M_CSC_mobile.uexp" 604
"C:/UE_Dev/Tankodrom/Content/Meshes/Materials/Mobile_materials/M_CSC_GaussGun_mobile.uasset" 605
"C:/UE_Dev/Tankodrom/Content/Meshes/Materials/Mobile_materials/M_CSC_GaussGun_mobile.uexp" 606
"C:/UE_Dev/Tankodrom/Content/Meshes/Materials/Mobile_materials/M_ACS18_mobile.uasset" 607
"C:/UE_Dev/Tankodrom/Content/Meshes/Materials/Mobile_materials/M_ACS18_mobile.uexp" 608
"../../../Engine/Content/BasicShapes/Cube.uasset" 609
"../../../Engine/Content/BasicShapes/Cube.uexp" 610
"../../../Engine/Content/Engine_MI_Shaders/T_Base_Tile_Diffuse.ubulk" 611
"../../../Engine/Content/Engine_MI_Shaders/T_Base_Tile_Diffuse.uasset" 612
"../../../Engine/Content/Engine_MI_Shaders/T_Base_Tile_Diffuse.uexp" 613
"../../../Engine/Content/Engine_MI_Shaders/T_Normal.uasset" 614
"../../../Engine/Content/Engine_MI_Shaders/T_Normal.uexp" 615
"../../../Engine/Content/Functions/Engine_MaterialFunctions01/Shading/PowerToRoughness.uasset" 616
"../../../Engine/Content/Functions/Engine_MaterialFunctions01/Shading/PowerToRoughness.uexp" 617
"../../../Engine/Content/Functions/Engine_MaterialFunctions01/Shading/ConvertFromDiffSpec.uasset" 618
"../../../Engine/Content/Functions/Engine_MaterialFunctions01/Shading/ConvertFromDiffSpec.uexp" 619
"../../../Engine/Content/Engine_MI_Shaders/T_Emissive.uasset" 620
"../../../Engine/Content/Engine_MI_Shaders/T_Emissive.uexp" 621
"../../../Engine/Content/Engine_MI_Shaders/T_Reflection.uasset" 622
"../../../Engine/Content/Engine_MI_Shaders/T_Reflection.uexp" 623
"../../../Engine/Content/Engine_MI_Shaders/M_Shader_Complex.uasset" 624
"../../../Engine/Content/Engine_MI_Shaders/M_Shader_Complex.uexp" 625
"../../../Engine/Content/Engine_MI_Shaders/T_Base_Tile_Variation.ubulk" 626
"../../../Engine/Content/Engine_MI_Shaders/T_Base_Tile_Variation.uasset" 627
"../../../Engine/Content/Engine_MI_Shaders/T_Base_Tile_Variation.uexp" 628
"../../../Engine/Content/Engine_MI_Shaders/T_Base_Tile_DetailNormal.ubulk" 629
"../../../Engine/Content/Engine_MI_Shaders/T_Base_Tile_DetailNormal.uasset" 630
"../../../Engine/Content/Engine_MI_Shaders/T_Base_Tile_DetailNormal.uexp" 631
"../../../Engine/Content/Engine_MI_Shaders/T_Base_Tile_Normal.ubulk" 632
"../../../Engine/Content/Engine_MI_Shaders/T_Base_Tile_Normal.uasset" 633
"../../../Engine/Content/Engine_MI_Shaders/T_Base_Tile_Normal.uexp" 634
"../../../Engine/Content/Engine_MI_Shaders/T_Base_Tile_Specular.ubulk" 635
"../../../Engine/Content/Engine_MI_Shaders/T_Base_Tile_Specular.uasset" 636
"../../../Engine/Content/Engine_MI_Shaders/T_Base_Tile_Specular.uexp" 637
"../../../Engine/Content/Engine_MI_Shaders/MI_Shader_BaseTileEx.uasset" 638
"../../../Engine/Content/Engine_MI_Shaders/MI_Shader_BaseTileEx.uexp" 639
"../../../Engine/Content/VREditor/LaserPointer/LaserPointerMaterialInst.uasset" 640
"../../../Engine/Content/VREditor/LaserPointer/LaserPointerMaterialInst.uexp" 641
"../../../Engine/Content/VREditor/LaserPointer/TranslucentLaserPointerMaterialInst.uasset" 642
"../../../Engine/Content/VREditor/LaserPointer/TranslucentLaserPointerMaterialInst.uexp" 643
"C:/UE_Dev/Tankodrom/Content/Game/BP_AmmoBox.uasset" 644
"C:/UE_Dev/Tankodrom/Content/Game/BP_AmmoBox.uexp" 645
"../../../Engine/Content/EditorMeshes/ColorCalibrator/M_ClearCoat.uasset" 646
"../../../Engine/Content/EditorMeshes/ColorCalibrator/M_ClearCoat.uexp" 647
"C:/UE_Dev/Tankodrom/Content/Game/Level_1_BuiltData.ubulk" 648
"C:/UE_Dev/Tankodrom/Content/Game/Level_1_BuiltData.uasset" 649
"C:/UE_Dev/Tankodrom/Content/Game/Level_1_BuiltData.uexp" 650
"C:/UE_Dev/Tankodrom/Content/Meshes/Tiger_turret_no_gun.uasset" 651
"C:/UE_Dev/Tankodrom/Content/Meshes/Tiger_turret_no_gun.uexp" 652
"../../../Engine/Content/VREditor/Devices/Vive/ViveControllerDiffuse.ubulk" 653
"../../../Engine/Content/VREditor/Devices/Vive/ViveControllerDiffuse.uasset" 654
"../../../Engine/Content/VREditor/Devices/Vive/ViveControllerDiffuse.uexp" 655
"../../../Engine/Content/VREditor/Devices/Vive/ViveControllerMaterial.uasset" 656
"../../../Engine/Content/VREditor/Devices/Vive/ViveControllerMaterial.uexp" 657
"C:/UE_Dev/Tankodrom/Content/Meshes/Tiger_turret_v4.uasset" 658
"C:/UE_Dev/Tankodrom/Content/Meshes/Tiger_turret_v4.uexp" 659
"../../../Engine/Content/EditorMaterials/Cascade/CASC_CurveEd.uasset" 660
"../../../Engine/Content/EditorMaterials/Cascade/CASC_CurveEd.uexp" 661
"../../../Engine/Content/EditorMaterials/Cascade/CASC_CurveEd_MAT.uasset" 662
"../../../Engine/Content/EditorMaterials/Cascade/CASC_CurveEd_MAT.uexp" 663
"../../../Engine/Content/TemplateResources/MI_Template_BaseGray_02_Metal.uasset" 664
"../../../Engine/Content/TemplateResources/MI_Template_BaseGray_02_Metal.uexp" 665
"../../../Engine/Content/BasicShapes/Sphere.uasset" 666
"../../../Engine/Content/BasicShapes/Sphere.uexp" 667
"C:/UE_Dev/Tankodrom/Content/Game/BP_Ball.uasset" 668
"C:/UE_Dev/Tankodrom/Content/Game/BP_Ball.uexp" 669
"C:/UE_Dev/Tankodrom/Content/Player/BP_Cannon2.uasset" 670
"C:/UE_Dev/Tankodrom/Content/Player/BP_Cannon2.uexp" 671
"C:/UE_Dev/Tankodrom/Content/Player/BP_Tank_AI.uasset" 672
"C:/UE_Dev/Tankodrom/Content/Player/BP_Tank_AI.uexp" 673
"../../../Engine/Content/EngineMaterials/DefaultNormal.ubulk" 674
"../../../Engine/Content/EngineMaterials/DefaultNormal.uasset" 675
"../../../Engine/Content/EngineMaterials/DefaultNormal.uexp" 676
"../../../Engine/Content/EngineDebugMaterials/LightmapResolutionMaterial.uasset" 677
"../../../Engine/Content/EngineDebugMaterials/LightmapResolutionMaterial.uexp" 678
"../../../Engine/Content/MaterialTemplates/Textures/T_Noise01.ubulk" 679
"../../../Engine/Content/MaterialTemplates/Textures/T_Noise01.uasset" 680
"../../../Engine/Content/MaterialTemplates/Textures/T_Noise01.uexp" 681
"../../../Engine/Content/EngineMaterials/DefaultWhiteGrid.ubulk" 682
"../../../Engine/Content/EngineMaterials/DefaultWhiteGrid.uasset" 683
"../../../Engine/Content/EngineMaterials/DefaultWhiteGrid.uexp" 684
"../../../Engine/Content/MaterialTemplates/PerfTricks/VertexColorModulateTransition.uasset" 685
"../../../Engine/Content/MaterialTemplates/PerfTricks/VertexColorModulateTransition.uexp" 686
"C:/UE_Dev/Tankodrom/Content/Game/Box_Brush_StaticMesh.uasset" 687
"C:/UE_Dev/Tankodrom/Content/Game/Box_Brush_StaticMesh.uexp" 688
"../../../Engine/Content/MapTemplates/Materials/BasicAsset02.uasset" 689
"../../../Engine/Content/MapTemplates/Materials/BasicAsset02.uexp" 690
"../../../Engine/Content/VREditor/LaserPointer/M_LaserPointer-Core.uasset" 691
"../../../Engine/Content/VREditor/LaserPointer/M_LaserPointer-Core.uexp" 692
"C:/UE_Dev/Tankodrom/Content/Game/BP_Ball_Turret.uasset" 693
"C:/UE_Dev/Tankodrom/Content/Game/BP_Ball_Turret.uexp" 694
"../../../Engine/Content/TemplateResources/MI_Template_BaseGray_03_Metal.uasset" 695
"../../../Engine/Content/TemplateResources/MI_Template_BaseGray_03_Metal.uexp" 696
"C:/UE_Dev/Tankodrom/Content/Game/BP_Cannon_Turret.uasset" 697
"C:/UE_Dev/Tankodrom/Content/Game/BP_Cannon_Turret.uexp" 698
"C:/UE_Dev/Tankodrom/Content/Game/BP_Turret.uasset" 699
"C:/UE_Dev/Tankodrom/Content/Game/BP_Turret.uexp" 700
"C:/UE_Dev/Tankodrom/Content/Meshes/tank_fbx_Turret.uasset" 701
"C:/UE_Dev/Tankodrom/Content/Meshes/tank_fbx_Turret.uexp" 702
"C:/UE_Dev/Tankodrom/Content/Meshes/tank_fbx_Body.uasset" 703
"C:/UE_Dev/Tankodrom/Content/Meshes/tank_fbx_Body.uexp" 704
"../../../Engine/Content/Functions/Engine_MaterialFunctions02/ExampleContent/PivotPainter2/test2_rgb_PivotPos_a_ParentIndexInt_UV_2.uasset" 705
"../../../Engine/Content/Functions/Engine_MaterialFunctions02/ExampleContent/PivotPainter2/test2_rgb_PivotPos_a_ParentIndexInt_UV_2.uexp" 706
"../../../Engine/Content/Functions/Engine_MaterialFunctions02/Math/TimeWithSpeedVariable.uasset" 707
"../../../Engine/Content/Functions/Engine_MaterialFunctions02/Math/TimeWithSpeedVariable.uexp" 708
"../../../Engine/Content/Functions/Engine_MaterialFunctions02/Lerp_Multiple_Float2.uasset" 709
"../../../Engine/Content/Functions/Engine_MaterialFunctions02/Lerp_Multiple_Float2.uexp" 710
"../../../Engine/Content/Functions/Engine_MaterialFunctions02/ExampleContent/PivotPainter2/SimpExPivPos.uasset" 711
"../../../Engine/Content/Functions/Engine_MaterialFunctions02/ExampleContent/PivotPainter2/SimpExPivPos.uexp" 712
"../../../Engine/Content/Functions/Engine_MaterialFunctions02/PivotPainter2/2dArrayLookupByIndex.uasset" 713
"../../../Engine/Content/Functions/Engine_MaterialFunctions02/PivotPainter2/2dArrayLookupByIndex.uexp" 714
"../../../Engine/Content/Functions/Engine_MaterialFunctions02/PivotPainter2/ms_PivotPainter2_ReturnParentTextureInfo.uasset" 715
"../../../Engine/Content/Functions/Engine_MaterialFunctions02/PivotPainter2/ms_PivotPainter2_ReturnParentTextureInfo.uexp" 716
"../../../Engine/Content/Functions/Engine_MaterialFunctions02/ExampleContent/PivotPainter2/PP2_rgb_XVect_a_XExtent.uasset" 717
"../../../Engine/Content/Functions/Engine_MaterialFunctions02/ExampleContent/PivotPainter2/PP2_rgb_XVect_a_XExtent.uexp" 718
"../../../Engine/Content/Functions/Engine_MaterialFunctions02/ms_PivotPainter2_UnpackIntegerAsFloat.uasset" 719
"../../../Engine/Content/Functions/Engine_MaterialFunctions02/ms_PivotPainter2_UnpackIntegerAsFloat.uexp" 720
"../../../Engine/Content/Functions/Engine_MaterialFunctions02/PivotPainter2/ms_PivotPainter2_DecodePostion.uasset" 721
"../../../Engine/Content/Functions/Engine_MaterialFunctions02/PivotPainter2/ms_PivotPainter2_DecodePostion.uexp" 722
"../../../Engine/Content/Functions/Engine_MaterialFunctions02/PivotPainter2/ms_PivotPainter2_Decode8BitAlphaAxisExtent.uasset" 723
"../../../Engine/Content/Functions/Engine_MaterialFunctions02/PivotPainter2/ms_PivotPainter2_Decode8BitAlphaAxisExtent.uexp" 724
"../../../Engine/Content/Functions/Engine_MaterialFunctions02/ExampleContent/Textures/WindTurblenceVectorAndGustMagnitude.uasset" 725
"../../../Engine/Content/Functions/Engine_MaterialFunctions02/ExampleContent/Textures/WindTurblenceVectorAndGustMagnitude.uexp" 726
"../../../Engine/Content/Functions/Engine_MaterialFunctions02/FixRotateAboutAxisNormals.uasset" 727
"../../../Engine/Content/Functions/Engine_MaterialFunctions02/FixRotateAboutAxisNormals.uexp" 728
"../../../Engine/Content/Functions/Engine_MaterialFunctions02/PivotPainter2/ms_PivotPainter2_DecodeAxisVector.uasset" 729
"../../../Engine/Content/Functions/Engine_MaterialFunctions02/PivotPainter2/ms_PivotPainter2_DecodeAxisVector.uexp" 730
"../../../Engine/Content/Functions/Engine_MaterialFunctions02/PivotPainter2/PivotPainter2FoliageAnimation.uasset" 731
"../../../Engine/Content/Functions/Engine_MaterialFunctions02/PivotPainter2/PivotPainter2FoliageAnimation.uexp" 732
"../../../Engine/Content/Functions/Engine_MaterialFunctions02/PivotPainter2/ms_PivotPainter2_CalculateMeshElementIndex.uasset" 733
"../../../Engine/Content/Functions/Engine_MaterialFunctions02/PivotPainter2/ms_PivotPainter2_CalculateMeshElementIndex.uexp" 734
"../../../Engine/Content/Functions/Engine_MaterialFunctions02/PivotPainter2/PivotPainter2FoliageShader.uasset" 735
"../../../Engine/Content/Functions/Engine_MaterialFunctions02/PivotPainter2/PivotPainter2FoliageShader.uexp" 736
"../../../Engine/Content/Functions/Engine_MaterialFunctions02/ExampleContent/PivotPainter2/SimplePivotPainterExampleMat.uasset" 737
"../../../Engine/Content/Functions/Engine_MaterialFunctions02/ExampleContent/PivotPainter2/SimplePivotPainterExampleMat.uexp" 738
"C:/UE_Dev/Tankodrom/Content/Meshes/tank_fbx_Track.uasset" 739
"C:/UE_Dev/Tankodrom/Content/Meshes/tank_fbx_Track.uexp" 740
"C:/UE_Dev/Tankodrom/Content/Player/BP_Tank.uasset" 741
"C:/UE_Dev/Tankodrom/Content/Player/BP_Tank.uexp" 742
"C:/UE_Dev/Tankodrom/Content/BP_TankPlayerController.uasset" 743
"C:/UE_Dev/Tankodrom/Content/BP_TankPlayerController.uexp" 744
"C:/UE_Dev/Tankodrom/Content/Player/BP_TankPlayerController.uasset" 745
"C:/UE_Dev/Tankodrom/Content/Player/BP_TankPlayerController.uexp" 746
"C:/UE_Dev/Tankodrom/Content/Game/BP_TankodromModeBase.uasset" 747
"C:/UE_Dev/Tankodrom/Content/Game/BP_TankodromModeBase.uexp" 748
"C:/UE_Dev/Tankodrom/Content/Game/Level_1.uexp" 749
"C:/UE_Dev/Tankodrom/Content/Game/Level_1.umap" 750
"../../../Engine/Content/Maps/Entry_BuiltData.uasset" 751
"../../../Engine/Content/Maps/Entry_BuiltData.uexp" 752
"../../../Engine/Content/Maps/Entry.uexp" 753
"../../../Engine/Content/Maps/Entry.umap" 754
